2024-11-24 14:32:01,695 - INFO - Monitoring site: 3dmgame.com
2024-11-24 14:32:18,765 - INFO - Monitoring site: gamersky.com
2024-11-24 14:32:34,599 - INFO - Monitoring site: taptap.com
2024-11-24 14:32:50,027 - INFO - Monitoring site: gamespot.com
2024-11-24 14:33:06,342 - INFO - Monitoring site: ign.com
2024-11-24 14:33:21,917 - INFO - Monitoring site: 1001games.com
2024-11-24 14:33:40,871 - INFO - Monitoring site: 6games.eu
2024-11-24 14:33:42,267 - ERROR - Error processing 6games.eu: 429 Client Error: Too Many Requests for url: https://www.google.com/sorry/index?continue=https://www.google.com/search%3Fq%3Dsite%253A6games.eu%26tbs%3Dqdr:d%26num%3D100&q=EgSsYKCuGMWRi7oGIjBj_UtCvUkomgITzgBtVJo6Lbu-FEVEb-QxsDCW1Z_9O75OueFqlQZB7YFyafU1V-IyAXJaAUM
2024-11-24 14:33:43,711 - ERROR - Error processing 6games.eu: 429 Client Error: Too Many Requests for url: https://www.google.com/sorry/index?continue=https://www.google.com/search%3Fq%3Dsite%253A6games.eu%26tbs%3Dqdr:w%26num%3D100&q=EgSsYKCuGMaRi7oGIjArV6Np7pn00Ob61e0MORxnHowdI9dJBbsTTtBFtCf79Ls1QdSjVSX4MTBwu7wIldEyAXJaAUM
2024-11-24 14:33:51,522 - INFO - Monitoring site: agame.com
2024-11-24 14:33:52,836 - ERROR - Error processing agame.com: 429 Client Error: Too Many Requests for url: https://www.google.com/sorry/index?continue=https://www.google.com/search%3Fq%3Dsite%253Aagame.com%26tbs%3Dqdr:d%26num%3D100&q=EgSsYKCuGNCRi7oGIjBEE_3jqmp69qx-Dgha44Cf28CZMkiRS2GOt99b_CdA3wAtV961RLjjdZNBsW3jyOsyAXJaAUM
2024-11-24 14:33:54,243 - ERROR - Error processing agame.com: 429 Client Error: Too Many Requests for url: https://www.google.com/sorry/index?continue=https://www.google.com/search%3Fq%3Dsite%253Aagame.com%26tbs%3Dqdr:w%26num%3D100&q=EgSsYKCuGNGRi7oGIjBWObXRzEHytfEingC0NyQSV5vnndeWFRmxT7IOjqO9HjA2SICC-reBkyr0RbFYBzEyAXJaAUM
2024-11-24 14:33:59,280 - INFO - Monitoring site: arcadespot.com
2024-11-24 14:34:00,566 - ERROR - Error processing arcadespot.com: 429 Client Error: Too Many Requests for url: https://www.google.com/sorry/index?continue=https://www.google.com/search%3Fq%3Dsite%253Aarcadespot.com%26tbs%3Dqdr:d%26num%3D100&q=EgSsYKCuGNeRi7oGIjCEd5M0qA_V4p1x2atiELVUNvqemA-Az3vuzjvseLK3vahrn_2yq1aqPEEo079HGAwyAXJaAUM
2024-11-24 14:34:01,949 - ERROR - Error processing arcadespot.com: 429 Client Error: Too Many Requests for url: https://www.google.com/sorry/index?continue=https://www.google.com/search%3Fq%3Dsite%253Aarcadespot.com%26tbs%3Dqdr:w%26num%3D100&q=EgSsYKCuGNmRi7oGIjDAorfQhHDAcCm_msrYnzxWkZKPbWPg20TQjp3qa6wdq5y42ymV65e4nDceYqA44PwyAXJaAUM
2024-11-24 14:34:10,203 - INFO - Monitoring site: armorgames.com
2024-11-24 14:34:11,429 - ERROR - Error processing armorgames.com: 429 Client Error: Too Many Requests for url: https://www.google.com/sorry/index?continue=https://www.google.com/search%3Fq%3Dsite%253Aarmorgames.com%26tbs%3Dqdr:d%26num%3D100&q=EgSsYKCuGOKRi7oGIjAmg0mHFv7HWFsivePKM4u08iDLLvtQ1a4irHUFSXgfV7B8nRWrotN9Lojhv3lGQHMyAXJaAUM
2024-11-24 14:34:12,671 - ERROR - Error processing armorgames.com: 429 Client Error: Too Many Requests for url: https://www.google.com/sorry/index?continue=https://www.google.com/search%3Fq%3Dsite%253Aarmorgames.com%26tbs%3Dqdr:w%26num%3D100&q=EgSsYKCuGOSRi7oGIjBISKsieah24BmbIg-vBuLJS8J4FEz0fN6HbbcQhPcsddP9uVUJEZB19ehp0SJfWEwyAXJaAUM
2024-11-24 14:34:20,083 - INFO - Monitoring site: coolmathgames.com
2024-11-24 14:34:21,244 - ERROR - Error processing coolmathgames.com: 429 Client Error: Too Many Requests for url: https://www.google.com/sorry/index?continue=https://www.google.com/search%3Fq%3Dsite%253Acoolmathgames.com%26tbs%3Dqdr:d%26num%3D100&q=EgSsYKCuGOyRi7oGIjDmIODuLNJBw1bZgOgsiMXkfms4LD1Ci9l801lvQRedNB5Fs9tAZnkJlZ4C8iwUG60yAXJaAUM
2024-11-24 14:34:22,724 - ERROR - Error processing coolmathgames.com: 429 Client Error: Too Many Requests for url: https://www.google.com/sorry/index?continue=https://www.google.com/search%3Fq%3Dsite%253Acoolmathgames.com%26tbs%3Dqdr:w%26num%3D100&q=EgSsYKCuGO6Ri7oGIjANTVGtZOAu-2cYm80JgF4woTzgTNlHoD2KbGMxbWEmn_IObi3OJzLO3tJ7_KvvxHsyAXJaAUM
2024-11-24 14:34:29,781 - INFO - Monitoring site: crazygames.com
2024-11-24 14:34:31,082 - ERROR - Error processing crazygames.com: 429 Client Error: Too Many Requests for url: https://www.google.com/sorry/index?continue=https://www.google.com/search%3Fq%3Dsite%253Acrazygames.com%26tbs%3Dqdr:d%26num%3D100&q=EgSsYKCuGPaRi7oGIjC0K5yhDpzR02cvTD5xr4XelItDiWNii2CQv1RnzjfdeUp-HMqgZd96r06JuGL317YyAXJaAUM
2024-11-24 14:34:32,349 - ERROR - Error processing crazygames.com: 429 Client Error: Too Many Requests for url: https://www.google.com/sorry/index?continue=https://www.google.com/search%3Fq%3Dsite%253Acrazygames.com%26tbs%3Dqdr:w%26num%3D100&q=EgSsYKCuGPeRi7oGIjD7DhXs1S3TSc-52HBofPXIULqHpO2ioQJM2v5oHrmz1TSA7483vicgi7UDPyHSYzMyAXJaAUM
2024-11-24 14:34:41,055 - INFO - Monitoring site: gameflare.com
2024-11-24 14:34:42,313 - ERROR - Error processing gameflare.com: 429 Client Error: Too Many Requests for url: https://www.google.com/sorry/index?continue=https://www.google.com/search%3Fq%3Dsite%253Agameflare.com%26tbs%3Dqdr:d%26num%3D100&q=EgSsYKCuGIGSi7oGIjCuV93jDYYJDq-3wZQHFxoi1KrtMDJS7oAcjrYFkB29AFTSnLcqJG2aJq6PLPoxuGYyAXJaAUM
2024-11-24 14:34:43,756 - ERROR - Error processing gameflare.com: 429 Client Error: Too Many Requests for url: https://www.google.com/sorry/index?continue=https://www.google.com/search%3Fq%3Dsite%253Agameflare.com%26tbs%3Dqdr:w%26num%3D100&q=EgSsYKCuGIOSi7oGIjDAVZK99YQqDE9lOUqz8ciwnvPcuK1TRmrYgGsNo19xPeQxcJtLZ0E_gEcBRW8McPcyAXJaAUM
2024-11-24 14:34:50,492 - INFO - Monitoring site: gamemonetize.com
2024-11-24 14:34:51,864 - ERROR - Error processing gamemonetize.com: 429 Client Error: Too Many Requests for url: https://www.google.com/sorry/index?continue=https://www.google.com/search%3Fq%3Dsite%253Agamemonetize.com%26tbs%3Dqdr:d%26num%3D100&q=EgSsYKCuGIuSi7oGIjDiw0lCazaqfeUkLVsvP7ZPSTtcqf3cL0HivYluUWs087TOAYQQFc5cZPJK9OTyalQyAXJaAUM
2024-11-24 14:34:53,115 - ERROR - Error processing gamemonetize.com: 429 Client Error: Too Many Requests for url: https://www.google.com/sorry/index?continue=https://www.google.com/search%3Fq%3Dsite%253Agamemonetize.com%26tbs%3Dqdr:w%26num%3D100&q=EgSsYKCuGIySi7oGIjBQ-I9Le9CCLDcJonRcYFmJhXMOE7c3-nIAB-mWxeiL0W-2p-blO85PVQvqiyoiI0gyAXJaAUM
2024-11-24 14:35:01,579 - INFO - Monitoring site: hoodamath.com
2024-11-24 14:35:02,765 - ERROR - Error processing hoodamath.com: 429 Client Error: Too Many Requests for url: https://www.google.com/sorry/index?continue=https://www.google.com/search%3Fq%3Dsite%253Ahoodamath.com%26tbs%3Dqdr:d%26num%3D100&q=EgSsYKCuGJaSi7oGIjDN3tBWTZUwnhwc8aJ3jGFV-B8VR4yQFhH5lgjfWz5a1iWguzbep_M2JA4sXijLmAIyAXJaAUM
2024-11-24 14:35:04,753 - ERROR - Error processing hoodamath.com: 429 Client Error: Too Many Requests for url: https://www.google.com/sorry/index?continue=https://www.google.com/search%3Fq%3Dsite%253Ahoodamath.com%26tbs%3Dqdr:w%26num%3D100&q=EgSsYKCuGJiSi7oGIjCtwXFaWlUY2z-JSY2lCGu4Zm202vx08p63kCldtQc7u24RWtYRNj7XASCZkSKZtlQyAXJaAUM
2024-11-24 14:35:12,012 - INFO - Monitoring site: itch.io
2024-11-24 14:35:13,184 - ERROR - Error processing itch.io: 429 Client Error: Too Many Requests for url: https://www.google.com/sorry/index?continue=https://www.google.com/search%3Fq%3Dsite%253Aitch.io%26tbs%3Dqdr:d%26num%3D100&q=EgSsYKCuGKCSi7oGIjDox0ol7pOtoPfiWcyLqWnKnNS6xgv-gMeRqF9oOAaxvZ3VNgxhsP9ZKu7chsUlUXEyAXJaAUM
2024-11-24 14:35:14,540 - ERROR - Error processing itch.io: 429 Client Error: Too Many Requests for url: https://www.google.com/sorry/index?continue=https://www.google.com/search%3Fq%3Dsite%253Aitch.io%26tbs%3Dqdr:w%26num%3D100&q=EgSsYKCuGKGSi7oGIjBqetwL1ryAcPkRDjGkqDdhGb0iCwTDsNyJvQtpx46_A-_dH_DhLQbTBtHBdUiCdBgyAXJaAUM
2024-11-24 14:35:24,362 - INFO - Monitoring site: miniplay.com
2024-11-24 14:35:25,499 - ERROR - Error processing miniplay.com: 429 Client Error: Too Many Requests for url: https://www.google.com/sorry/index?continue=https://www.google.com/search%3Fq%3Dsite%253Aminiplay.com%26tbs%3Dqdr:d%26num%3D100&q=EgSsYKCuGK2Si7oGIjDSxfqaAOjUoyyX7byDr8KB944XUiEiMc8M6hHifw4Ir4nlLVhgawEWbYdix0qb8i4yAXJaAUM
2024-11-24 14:35:26,931 - ERROR - Error processing miniplay.com: 429 Client Error: Too Many Requests for url: https://www.google.com/sorry/index?continue=https://www.google.com/search%3Fq%3Dsite%253Aminiplay.com%26tbs%3Dqdr:w%26num%3D100&q=EgSsYKCuGK6Si7oGIjApKftWYu54gztY2M-IIkVsNkW96E7NBqq5StzZEKBMEF9ZU65Lm7mVjGLXj9WZTXgyAXJaAUM
2024-11-24 14:35:34,011 - INFO - Monitoring site: poki.com
2024-11-24 14:35:36,087 - ERROR - Error processing poki.com: 429 Client Error: Too Many Requests for url: https://www.google.com/sorry/index?continue=https://www.google.com/search%3Fq%3Dsite%253Apoki.com%26tbs%3Dqdr:d%26num%3D100&q=EgSsYKCuGLeSi7oGIjBFAuaOMMet7MOPLopjTcN68mVHvGZ1boW7Rnp-P_idVIWrW4bRgAAnsAhEADN_1rsyAXJaAUM
2024-11-24 14:35:37,557 - ERROR - Error processing poki.com: 429 Client Error: Too Many Requests for url: https://www.google.com/sorry/index?continue=https://www.google.com/search%3Fq%3Dsite%253Apoki.com%26tbs%3Dqdr:w%26num%3D100&q=EgSsYKCuGLiSi7oGIjBoXxKMAb2zfJJzkKXooQ4Jwbno3rqdd5Z1ZGq_DbbOa0-EWweAx-TdLLdwJDn2wz0yAXJaAUM
2024-11-24 14:35:46,650 - INFO - Monitoring site: scratch.mit.edu
2024-11-24 14:35:48,016 - ERROR - Error processing scratch.mit.edu: 429 Client Error: Too Many Requests for url: https://www.google.com/sorry/index?continue=https://www.google.com/search%3Fq%3Dsite%253Ascratch.mit.edu%26tbs%3Dqdr:d%26num%3D100&q=EgSsYKCuGMOSi7oGIjACDlDrVlwq4-EN1ZGSSWN6IrwAfJv2MyOd69QhiEFr-5V8UjIVcae0e9iBo-EnLJkyAXJaAUM
2024-11-24 14:35:49,399 - ERROR - Error processing scratch.mit.edu: 429 Client Error: Too Many Requests for url: https://www.google.com/sorry/index?continue=https://www.google.com/search%3Fq%3Dsite%253Ascratch.mit.edu%26tbs%3Dqdr:w%26num%3D100&q=EgSsYKCuGMSSi7oGIjCV-meuiN47BxlxjA55f5163te3c-kBgyzHkadbZSSQCX2CMVKYxImD4y9FJQZD7q4yAXJaAUM
2024-11-24 14:35:59,306 - INFO - Monitoring site: cocrea.world
2024-11-24 14:36:00,648 - ERROR - Error processing cocrea.world: 429 Client Error: Too Many Requests for url: https://www.google.com/sorry/index?continue=https://www.google.com/search%3Fq%3Dsite%253Acocrea.world%26tbs%3Dqdr:d%26num%3D100&q=EgSsYKCuGM-Si7oGIjAoGexRYnyNV-4aviwd3N-YRioAZN1Phiv3EOlsvcJm5Eh5ZSkg1IylCk6OvZ5ZBVoyAXJaAUM
2024-11-24 14:36:01,889 - ERROR - Error processing cocrea.world: 429 Client Error: Too Many Requests for url: https://www.google.com/sorry/index?continue=https://www.google.com/search%3Fq%3Dsite%253Acocrea.world%26tbs%3Dqdr:w%26num%3D100&q=EgSsYKCuGNGSi7oGIjDzFUogr8Avoq7gfIwoJf_6OErLLwfeHJFgh96pVe03Rwp_qZcj5FiKeeMWqImGLc8yAXJaAUM
2024-11-24 14:36:11,275 - INFO - Monitoring site: gamejolt.com
2024-11-24 14:36:12,551 - ERROR - Error processing gamejolt.com: 429 Client Error: Too Many Requests for url: https://www.google.com/sorry/index?continue=https://www.google.com/search%3Fq%3Dsite%253Agamejolt.com%26tbs%3Dqdr:d%26num%3D100&q=EgSsYKCuGNuSi7oGIjDOjQntkcNNCZxG4QBE9mOhqaM5qoEnWOP7FWd_-ppReLM5mDs2HomH-ir2i4YNDsYyAXJaAUM
2024-11-24 14:36:14,042 - ERROR - Error processing gamejolt.com: 429 Client Error: Too Many Requests for url: https://www.google.com/sorry/index?continue=https://www.google.com/search%3Fq%3Dsite%253Agamejolt.com%26tbs%3Dqdr:w%26num%3D100&q=EgSsYKCuGN2Si7oGIjAhdL8SEJ7r_cIqxoRcCH-q8oLFam4YrDCwtqZdb_z0fGUI5kq7L2m8yAw3xHr9ZigyAXJaAUM
2024-11-24 14:36:22,614 - INFO - Results saved to game_news_20241124_143622.csv
